h:\undetected_bruhh\bruhh-bruhhh-master\bruhh-bruhhh-master\dbkkernel\x64\release\vc142.pdb
h:\undetected_bruhh\bruhh-bruhhh-master\bruhh-bruhhh-master\dbkkernel\x64\release\vmxoffload.obj
h:\undetected_bruhh\bruhh-bruhhh-master\bruhh-bruhhh-master\dbkkernel\x64\release\vmxhelper.obj
h:\undetected_bruhh\bruhh-bruhhh-master\bruhh-bruhhh-master\dbkkernel\x64\release\apic.obj
h:\undetected_bruhh\bruhh-bruhhh-master\bruhh-bruhhh-master\dbkkernel\x64\release\ultimap2.obj
h:\undetected_bruhh\bruhh-bruhhh-master\bruhh-bruhhh-master\dbkkernel\x64\release\ultimap.obj
h:\undetected_bruhh\bruhh-bruhhh-master\bruhh-bruhhh-master\dbkkernel\x64\release\threads.obj
h:\undetected_bruhh\bruhh-bruhhh-master\bruhh-bruhhh-master\dbkkernel\x64\release\processlist.obj
h:\undetected_bruhh\bruhh-bruhhh-master\bruhh-bruhhh-master\dbkkernel\x64\release\noexceptions.obj
h:\undetected_bruhh\bruhh-bruhhh-master\bruhh-bruhhh-master\dbkkernel\x64\release\memscan.obj
h:\undetected_bruhh\bruhh-bruhhh-master\bruhh-bruhhh-master\dbkkernel\x64\release\iopldispatcher.obj
h:\undetected_bruhh\bruhh-bruhhh-master\bruhh-bruhhh-master\dbkkernel\x64\release\interrupthook.obj
h:\undetected_bruhh\bruhh-bruhhh-master\bruhh-bruhhh-master\dbkkernel\x64\release\deepkernel.obj
h:\undetected_bruhh\bruhh-bruhhh-master\bruhh-bruhhh-master\dbkkernel\x64\release\debugger.obj
h:\undetected_bruhh\bruhh-bruhhh-master\bruhh-bruhhh-master\dbkkernel\x64\release\dbkfunc.obj
h:\undetected_bruhh\bruhh-bruhhh-master\bruhh-bruhhh-master\dbkkernel\x64\release\dbkdrvr.obj
h:\undetected_bruhh\bruhh-bruhhh-master\bruhh-bruhhh-master\dbkkernel\x64\release\sigcheck.obj
h:\undetected_bruhh\bruhh-bruhhh-master\bruhh-bruhhh-master\bruhh bruhhh\bin\bru64.sys
h:\undetected_bruhh\bruhh-bruhhh-master\bruhh-bruhhh-master\bruhh bruhhh\bin\bru64.pdb
h:\undetected_bruhh\bruhh-bruhhh-master\bruhh-bruhhh-master\dbkkernel\x64\release\dbkfunca.obj
h:\undetected_bruhh\bruhh-bruhhh-master\bruhh-bruhhh-master\dbkkernel\x64\release\debuggera.obj
h:\undetected_bruhh\bruhh-bruhhh-master\bruhh-bruhhh-master\dbkkernel\x64\release\noexceptionsa.obj
h:\undetected_bruhh\bruhh-bruhhh-master\bruhh-bruhhh-master\dbkkernel\x64\release\ultimapa.obj
h:\undetected_bruhh\bruhh-bruhhh-master\bruhh-bruhhh-master\dbkkernel\x64\release\vmxhelpera.obj
h:\undetected_bruhh\bruhh-bruhhh-master\bruhh-bruhhh-master\dbkkernel\x64\release\vmxoffloada.obj
h:\undetected_bruhh\bruhh-bruhhh-master\bruhh-bruhhh-master\dbkkernel\x64\release\bru64.inf
h:\undetected_bruhh\bruhh-bruhhh-master\bruhh-bruhhh-master\dbkkernel\x64\release\apic.obj
h:\undetected_bruhh\bruhh-bruhhh-master\bruhh-bruhhh-master\dbkkernel\x64\release\dbkdrvr.obj
h:\undetected_bruhh\bruhh-bruhhh-master\bruhh-bruhhh-master\dbkkernel\x64\release\dbkfunc.obj
h:\undetected_bruhh\bruhh-bruhhh-master\bruhh-bruhhh-master\dbkkernel\x64\release\dbkfunca.obj
h:\undetected_bruhh\bruhh-bruhhh-master\bruhh-bruhhh-master\dbkkernel\x64\release\debugger.obj
h:\undetected_bruhh\bruhh-bruhhh-master\bruhh-bruhhh-master\dbkkernel\x64\release\debuggera.obj
h:\undetected_bruhh\bruhh-bruhhh-master\bruhh-bruhhh-master\dbkkernel\x64\release\deepkernel.obj
h:\undetected_bruhh\bruhh-bruhhh-master\bruhh-bruhhh-master\dbkkernel\x64\release\interrupthook.obj
h:\undetected_bruhh\bruhh-bruhhh-master\bruhh-bruhhh-master\dbkkernel\x64\release\iopldispatcher.obj
h:\undetected_bruhh\bruhh-bruhhh-master\bruhh-bruhhh-master\dbkkernel\x64\release\memscan.obj
h:\undetected_bruhh\bruhh-bruhhh-master\bruhh-bruhhh-master\dbkkernel\x64\release\noexceptions.obj
h:\undetected_bruhh\bruhh-bruhhh-master\bruhh-bruhhh-master\dbkkernel\x64\release\noexceptionsa.obj
h:\undetected_bruhh\bruhh-bruhhh-master\bruhh-bruhhh-master\dbkkernel\x64\release\processlist.obj
h:\undetected_bruhh\bruhh-bruhhh-master\bruhh-bruhhh-master\dbkkernel\x64\release\sigcheck.obj
h:\undetected_bruhh\bruhh-bruhhh-master\bruhh-bruhhh-master\dbkkernel\x64\release\threads.obj
h:\undetected_bruhh\bruhh-bruhhh-master\bruhh-bruhhh-master\dbkkernel\x64\release\ultimap.obj
h:\undetected_bruhh\bruhh-bruhhh-master\bruhh-bruhhh-master\dbkkernel\x64\release\ultimap2.obj
h:\undetected_bruhh\bruhh-bruhhh-master\bruhh-bruhhh-master\dbkkernel\x64\release\ultimapa.obj
h:\undetected_bruhh\bruhh-bruhhh-master\bruhh-bruhhh-master\dbkkernel\x64\release\vmxhelper.obj
h:\undetected_bruhh\bruhh-bruhhh-master\bruhh-bruhhh-master\dbkkernel\x64\release\vmxhelpera.obj
h:\undetected_bruhh\bruhh-bruhhh-master\bruhh-bruhhh-master\dbkkernel\x64\release\vmxoffload.obj
h:\undetected_bruhh\bruhh-bruhhh-master\bruhh-bruhhh-master\dbkkernel\x64\release\vmxoffloada.obj
h:\undetected_bruhh\bruhh-bruhhh-master\bruhh-bruhhh-master\dbkkernel\x64\release\vc142.pdb
h:\undetected_bruhh\bruhh-bruhhh-master\bruhh-bruhhh-master\dbkkernel\x64\release\dbkkernel.tlog\cl.command.1.tlog
h:\undetected_bruhh\bruhh-bruhhh-master\bruhh-bruhhh-master\dbkkernel\x64\release\dbkkernel.tlog\cl.read.1.tlog
h:\undetected_bruhh\bruhh-bruhhh-master\bruhh-bruhhh-master\dbkkernel\x64\release\dbkkernel.tlog\cl.write.1.tlog
h:\undetected_bruhh\bruhh-bruhhh-master\bruhh-bruhhh-master\dbkkernel\x64\release\dbkkernel.tlog\link.command.1.tlog
h:\undetected_bruhh\bruhh-bruhhh-master\bruhh-bruhhh-master\dbkkernel\x64\release\dbkkernel.tlog\link.read.1.tlog
h:\undetected_bruhh\bruhh-bruhhh-master\bruhh-bruhhh-master\dbkkernel\x64\release\dbkkernel.tlog\link.write.1.tlog
h:\undetected_bruhh\bruhh-bruhhh-master\bruhh-bruhhh-master\dbkkernel\x64\release\dbkkernel.tlog\masm.read.1u.tlog
h:\undetected_bruhh\bruhh-bruhhh-master\bruhh-bruhhh-master\dbkkernel\x64\release\dbkkernel.tlog\masm.write.1u.tlog
h:\undetected_bruhh\bruhh-bruhhh-master\bruhh-bruhhh-master\dbkkernel\x64\release\dbkkernel.tlog\signtool.command.1.tlog
h:\undetected_bruhh\bruhh-bruhhh-master\bruhh-bruhhh-master\dbkkernel\x64\release\dbkkernel.tlog\signtool.read.1.tlog
h:\undetected_bruhh\bruhh-bruhhh-master\bruhh-bruhhh-master\dbkkernel\x64\release\dbkkernel.tlog\signtool.timestamp.1.tlog
h:\undetected_bruhh\bruhh-bruhhh-master\bruhh-bruhhh-master\dbkkernel\x64\release\dbkkernel.tlog\signtool.write.1.tlog
h:\undetected_bruhh\bruhh-bruhhh-master\bruhh-bruhhh-master\dbkkernel\x64\release\dbkkernel.tlog\stampinf.command.1.tlog
h:\undetected_bruhh\bruhh-bruhhh-master\bruhh-bruhhh-master\dbkkernel\x64\release\dbkkernel.tlog\stampinf.read.1.tlog
h:\undetected_bruhh\bruhh-bruhhh-master\bruhh-bruhhh-master\dbkkernel\x64\release\dbkkernel.tlog\stampinf.write.1.tlog
