C:\Program Files (x86)\Microsoft Visual Studio\2019\Community\MSBuild\Microsoft\VC\v160\Microsoft.CppBuild.targets(477,5): warning MSB8004: Output Directory does not end with a trailing slash.  This build instance will add the slash as it is required to allow proper evaluation of the Output Directory.
cl : command line warning D9025: overriding '/TC' with '/TP'
  lapi.c
  lauxlib.c
  lbaselib.c
  lbitlib.c
  lcode.c
  lcorolib.c
  lctype.c
  ldblib.c
  ldebug.c
  ldo.c
  ldump.c
  lfunc.c
  lgc.c
H:\undetected_bruhh\bruhh-bruhhh-master\bruhh-bruhhh-master\Bruhh Bruhhh\lua53\lua53\src\lgc.c(348,21): warning C4334: '<<': result of 32-bit shift implicitly converted to 64 bits (was 64-bit shift intended?)
H:\undetected_bruhh\bruhh-bruhhh-master\bruhh-bruhhh-master\Bruhh Bruhhh\lua53\lua53\src\lgc.c(384,21): warning C4334: '<<': result of 32-bit shift implicitly converted to 64 bits (was 64-bit shift intended?)
H:\undetected_bruhh\bruhh-bruhhh-master\bruhh-bruhhh-master\Bruhh Bruhhh\lua53\lua53\src\lgc.c(420,21): warning C4334: '<<': result of 32-bit shift implicitly converted to 64 bits (was 64-bit shift intended?)
H:\undetected_bruhh\bruhh-bruhhh-master\bruhh-bruhhh-master\Bruhh Bruhhh\lua53\lua53\src\lgc.c(456,41): warning C4334: '<<': result of 32-bit shift implicitly converted to 64 bits (was 64-bit shift intended?)
H:\undetected_bruhh\bruhh-bruhhh-master\bruhh-bruhhh-master\Bruhh Bruhhh\lua53\lua53\src\lgc.c(622,23): warning C4334: '<<': result of 32-bit shift implicitly converted to 64 bits (was 64-bit shift intended?)
H:\undetected_bruhh\bruhh-bruhhh-master\bruhh-bruhhh-master\Bruhh Bruhhh\lua53\lua53\src\lgc.c(640,23): warning C4334: '<<': result of 32-bit shift implicitly converted to 64 bits (was 64-bit shift intended?)
  linit.c
  liolib.c
  llex.c
  lmathlib.c
  lmem.c
  loadlib.c
  lobject.c
  Compiling...
  lopcodes.c
  loslib.c
  lparser.c
  lstate.c
  lstring.c
  lstrlib.c
  ltable.c
H:\undetected_bruhh\bruhh-bruhhh-master\bruhh-bruhhh-master\Bruhh Bruhhh\lua53\lua53\src\ltable.c(366,5): warning C4334: '<<': result of 32-bit shift implicitly converted to 64 bits (was 64-bit shift intended?)
H:\undetected_bruhh\bruhh-bruhhh-master\bruhh-bruhhh-master\Bruhh Bruhhh\lua53\lua53\src\ltable.c(417,5): warning C4334: '<<': result of 32-bit shift implicitly converted to 64 bits (was 64-bit shift intended?)
  ltablib.c
  ltm.c
  luac.c
  lua_user.c
  lundump.c
  lutf8lib.c
  lvm.c
  lzio.c
  wmain.c
     Creating library ..\..\..\..\..\bin\lua53-64.lib and object ..\..\..\..\..\bin\lua53-64.exp
  Generating code
  Previous IPDB not found, fall back to full compilation.
  All 866 functions were compiled because no usable IPDB/IOBJ from previous compilation was found.
  Finished generating code
  lua53.vcxproj -> H:\undetected_bruhh\bruhh-bruhhh-master\bruhh-bruhhh-master\Bruhh Bruhhh\lua53\lua53\vs2013\lua53\lua53\..\..\..\..\..\bin\lua53-64.dll
