C:\Program Files (x86)\Microsoft Visual Studio\2019\Community\MSBuild\Microsoft\VC\v160\Microsoft.CppBuild.targets(477,5): warning MSB8004: Output Directory does not end with a trailing slash.  This build instance will add the slash as it is required to allow proper evaluation of the Output Directory.
  lapi.c
  lauxlib.c
  lbaselib.c
  lbitlib.c
  lcode.c
  lcorolib.c
  lctype.c
  ldblib.c
  ldebug.c
  ldo.c
  ldump.c
  lfunc.c
  lgc.c
  linit.c
  liolib.c
  llex.c
  lmathlib.c
  lmem.c
  loadlib.c
  lobject.c
  Compiling...
  lopcodes.c
  loslib.c
  lparser.c
  lstate.c
  lstring.c
  lstrlib.c
  ltable.c
  ltablib.c
  ltm.c
  luac.c
  lua_user.c
  lundump.c
  lutf8lib.c
  lvm.c
  lzio.c
  wmain.c
  Generating code
  Previous IPDB not found, fall back to full compilation.
  All 842 functions were compiled because no usable IPDB/IOBJ from previous compilation was found.
  Finished generating code
  luac.vcxproj -> H:\undetected_bruhh\bruhh-bruhhh-master\bruhh-bruhhh-master\Bruhh Bruhhh\lua53\lua53\vs2013\lua53\luac\..\..\..\..\..\bin\lua_extra\luac64.exe
