h:\undetected_bruhh\bruhh-bruhhh-master\bruhh-bruhhh-master\dbkkernel\x64\releasewithoutsig\vc142.pdb
h:\undetected_bruhh\bruhh-bruhhh-master\bruhh-bruhhh-master\dbkkernel\x64\releasewithoutsig\vmxoffload.obj
h:\undetected_bruhh\bruhh-bruhhh-master\bruhh-bruhhh-master\dbkkernel\x64\releasewithoutsig\vmxhelper.obj
h:\undetected_bruhh\bruhh-bruhhh-master\bruhh-bruhhh-master\dbkkernel\x64\releasewithoutsig\apic.obj
h:\undetected_bruhh\bruhh-bruhhh-master\bruhh-bruhhh-master\dbkkernel\x64\releasewithoutsig\ultimap2.obj
h:\undetected_bruhh\bruhh-bruhhh-master\bruhh-bruhhh-master\dbkkernel\x64\releasewithoutsig\ultimap.obj
h:\undetected_bruhh\bruhh-bruhhh-master\bruhh-bruhhh-master\dbkkernel\x64\releasewithoutsig\threads.obj
h:\undetected_bruhh\bruhh-bruhhh-master\bruhh-bruhhh-master\dbkkernel\x64\releasewithoutsig\processlist.obj
h:\undetected_bruhh\bruhh-bruhhh-master\bruhh-bruhhh-master\dbkkernel\x64\releasewithoutsig\noexceptions.obj
h:\undetected_bruhh\bruhh-bruhhh-master\bruhh-bruhhh-master\dbkkernel\x64\releasewithoutsig\memscan.obj
h:\undetected_bruhh\bruhh-bruhhh-master\bruhh-bruhhh-master\dbkkernel\x64\releasewithoutsig\iopldispatcher.obj
h:\undetected_bruhh\bruhh-bruhhh-master\bruhh-bruhhh-master\dbkkernel\x64\releasewithoutsig\interrupthook.obj
h:\undetected_bruhh\bruhh-bruhhh-master\bruhh-bruhhh-master\dbkkernel\x64\releasewithoutsig\deepkernel.obj
h:\undetected_bruhh\bruhh-bruhhh-master\bruhh-bruhhh-master\dbkkernel\x64\releasewithoutsig\debugger.obj
h:\undetected_bruhh\bruhh-bruhhh-master\bruhh-bruhhh-master\dbkkernel\x64\releasewithoutsig\dbkfunc.obj
h:\undetected_bruhh\bruhh-bruhhh-master\bruhh-bruhhh-master\dbkkernel\x64\releasewithoutsig\dbkdrvr.obj
h:\undetected_bruhh\bruhh-bruhhh-master\bruhh-bruhhh-master\bruhh bruhhh\bin\bru64.sys
h:\undetected_bruhh\bruhh-bruhhh-master\bruhh-bruhhh-master\bruhh bruhhh\bin\bru64.pdb
h:\undetected_bruhh\bruhh-bruhhh-master\bruhh-bruhhh-master\dbkkernel\x64\releasewithoutsig\dbkfunca.obj
h:\undetected_bruhh\bruhh-bruhhh-master\bruhh-bruhhh-master\dbkkernel\x64\releasewithoutsig\debuggera.obj
h:\undetected_bruhh\bruhh-bruhhh-master\bruhh-bruhhh-master\dbkkernel\x64\releasewithoutsig\noexceptionsa.obj
h:\undetected_bruhh\bruhh-bruhhh-master\bruhh-bruhhh-master\dbkkernel\x64\releasewithoutsig\ultimapa.obj
h:\undetected_bruhh\bruhh-bruhhh-master\bruhh-bruhhh-master\dbkkernel\x64\releasewithoutsig\vmxhelpera.obj
h:\undetected_bruhh\bruhh-bruhhh-master\bruhh-bruhhh-master\dbkkernel\x64\releasewithoutsig\vmxoffloada.obj
h:\undetected_bruhh\bruhh-bruhhh-master\bruhh-bruhhh-master\dbkkernel\x64\releasewithoutsig\bru64.inf
h:\undetected_bruhh\bruhh-bruhhh-master\bruhh-bruhhh-master\dbkkernel\..\bruhh bruhhh\bin\bru64.sys
h:\undetected_bruhh\bruhh-bruhhh-master\bruhh-bruhhh-master\dbkkernel\x64\releasewithoutsig\dbkkernel.tlog\cl.command.1.tlog
h:\undetected_bruhh\bruhh-bruhhh-master\bruhh-bruhhh-master\dbkkernel\x64\releasewithoutsig\dbkkernel.tlog\cl.read.1.tlog
h:\undetected_bruhh\bruhh-bruhhh-master\bruhh-bruhhh-master\dbkkernel\x64\releasewithoutsig\dbkkernel.tlog\cl.write.1.tlog
h:\undetected_bruhh\bruhh-bruhhh-master\bruhh-bruhhh-master\dbkkernel\x64\releasewithoutsig\dbkkernel.tlog\inf2cat-expand.10916.read.1.tlog
h:\undetected_bruhh\bruhh-bruhhh-master\bruhh-bruhhh-master\dbkkernel\x64\releasewithoutsig\dbkkernel.tlog\inf2cat-expand.10916.write.1.tlog
h:\undetected_bruhh\bruhh-bruhhh-master\bruhh-bruhhh-master\dbkkernel\x64\releasewithoutsig\dbkkernel.tlog\inf2cat-expand.read.1.tlog
h:\undetected_bruhh\bruhh-bruhhh-master\bruhh-bruhhh-master\dbkkernel\x64\releasewithoutsig\dbkkernel.tlog\inf2cat-expand.write.1.tlog
h:\undetected_bruhh\bruhh-bruhhh-master\bruhh-bruhhh-master\dbkkernel\x64\releasewithoutsig\dbkkernel.tlog\inf2cat.command.1.tlog
h:\undetected_bruhh\bruhh-bruhhh-master\bruhh-bruhhh-master\dbkkernel\x64\releasewithoutsig\dbkkernel.tlog\inf2cat.read.1.tlog
h:\undetected_bruhh\bruhh-bruhhh-master\bruhh-bruhhh-master\dbkkernel\x64\releasewithoutsig\dbkkernel.tlog\inf2cat.write.1.tlog
h:\undetected_bruhh\bruhh-bruhhh-master\bruhh-bruhhh-master\dbkkernel\x64\releasewithoutsig\dbkkernel.tlog\link.command.1.tlog
h:\undetected_bruhh\bruhh-bruhhh-master\bruhh-bruhhh-master\dbkkernel\x64\releasewithoutsig\dbkkernel.tlog\link.read.1.tlog
h:\undetected_bruhh\bruhh-bruhhh-master\bruhh-bruhhh-master\dbkkernel\x64\releasewithoutsig\dbkkernel.tlog\link.write.1.tlog
h:\undetected_bruhh\bruhh-bruhhh-master\bruhh-bruhhh-master\dbkkernel\x64\releasewithoutsig\dbkkernel.tlog\masm.read.1u.tlog
h:\undetected_bruhh\bruhh-bruhhh-master\bruhh-bruhhh-master\dbkkernel\x64\releasewithoutsig\dbkkernel.tlog\masm.write.1u.tlog
h:\undetected_bruhh\bruhh-bruhhh-master\bruhh-bruhhh-master\dbkkernel\x64\releasewithoutsig\dbkkernel.tlog\signtool.command.1.tlog
h:\undetected_bruhh\bruhh-bruhhh-master\bruhh-bruhhh-master\dbkkernel\x64\releasewithoutsig\dbkkernel.tlog\signtool.read.1.tlog
h:\undetected_bruhh\bruhh-bruhhh-master\bruhh-bruhhh-master\dbkkernel\x64\releasewithoutsig\dbkkernel.tlog\signtool.timestamp.1.tlog
h:\undetected_bruhh\bruhh-bruhhh-master\bruhh-bruhhh-master\dbkkernel\x64\releasewithoutsig\dbkkernel.tlog\signtool.write.1.tlog
h:\undetected_bruhh\bruhh-bruhhh-master\bruhh-bruhhh-master\dbkkernel\x64\releasewithoutsig\dbkkernel.tlog\stampinf.command.1.tlog
h:\undetected_bruhh\bruhh-bruhhh-master\bruhh-bruhhh-master\dbkkernel\x64\releasewithoutsig\dbkkernel.tlog\stampinf.read.1.tlog
h:\undetected_bruhh\bruhh-bruhhh-master\bruhh-bruhhh-master\dbkkernel\x64\releasewithoutsig\dbkkernel.tlog\stampinf.write.1.tlog
