  Building 'DBKKernel' with toolset 'WindowsKernelModeDriver10.0' and the 'Desktop' target platform.
  Stamping x64\Releasewithoutsig\bru64.inf
  Stamping [Version] section with DriverVer=11/14/2020,8.34.50.645
H:\undetected_bruhh\bruhh-bruhhh-master\bruhh-bruhhh-master\DBKKernel\bru64.inf(5-5): warning 1324: [Version] section should specify PnpLockdown=1.
  Assembling amd64\dbkfunca.asm...
  Assembling amd64\debuggera.asm...
  Assembling amd64\noexceptionsa.asm...
  Assembling amd64\ultimapa.asm...
  Assembling amd64\vmxhelpera.asm...
  Assembling amd64\vmxoffloada.asm...
  DBKDrvr.c
  DBKFunc.c
  debugger.c
  deepkernel.c
  interruptHook.c
  IOPLDispatcher.c
  memscan.c
  noexceptions.c
  processlist.c
  threads.c
  ultimap.c
  ultimap2.c
  apic.c
  vmxhelper.c
  vmxoffload.c
  Generating Code...
  DBKKernel.vcxproj -> H:\undetected_bruhh\bruhh-bruhhh-master\bruhh-bruhhh-master\DBKKernel\..\Bruhh Bruhhh\bin\bru64.sys
  Done Adding Additional Store
  Successfully signed: H:\undetected_bruhh\bruhh-bruhhh-master\bruhh-bruhhh-master\DBKKernel\..\Bruhh Bruhhh\bin\bru64.sys
  
  ........................
  Signability test complete.
  
  Errors:
  None
  
  Warnings:
  None
