h:\undetected_bruhh\bruhh-bruhhh-master\bruhh-bruhhh-master\bruhh bruhhh\lua53\lua53\vs2013\lua53\lua53\release\vc142.pdb
h:\undetected_bruhh\bruhh-bruhhh-master\bruhh-bruhhh-master\bruhh bruhhh\lua53\lua53\vs2013\lua53\lua53\release\lobject.obj
h:\undetected_bruhh\bruhh-bruhhh-master\bruhh-bruhhh-master\bruhh bruhhh\lua53\lua53\vs2013\lua53\lua53\release\loadlib.obj
h:\undetected_bruhh\bruhh-bruhhh-master\bruhh-bruhhh-master\bruhh bruhhh\lua53\lua53\vs2013\lua53\lua53\release\lmem.obj
h:\undetected_bruhh\bruhh-bruhhh-master\bruhh-bruhhh-master\bruhh bruhhh\lua53\lua53\vs2013\lua53\lua53\release\lmathlib.obj
h:\undetected_bruhh\bruhh-bruhhh-master\bruhh-bruhhh-master\bruhh bruhhh\lua53\lua53\vs2013\lua53\lua53\release\llex.obj
h:\undetected_bruhh\bruhh-bruhhh-master\bruhh-bruhhh-master\bruhh bruhhh\lua53\lua53\vs2013\lua53\lua53\release\liolib.obj
h:\undetected_bruhh\bruhh-bruhhh-master\bruhh-bruhhh-master\bruhh bruhhh\lua53\lua53\vs2013\lua53\lua53\release\linit.obj
h:\undetected_bruhh\bruhh-bruhhh-master\bruhh-bruhhh-master\bruhh bruhhh\lua53\lua53\vs2013\lua53\lua53\release\lgc.obj
h:\undetected_bruhh\bruhh-bruhhh-master\bruhh-bruhhh-master\bruhh bruhhh\lua53\lua53\vs2013\lua53\lua53\release\lfunc.obj
h:\undetected_bruhh\bruhh-bruhhh-master\bruhh-bruhhh-master\bruhh bruhhh\lua53\lua53\vs2013\lua53\lua53\release\ldump.obj
h:\undetected_bruhh\bruhh-bruhhh-master\bruhh-bruhhh-master\bruhh bruhhh\lua53\lua53\vs2013\lua53\lua53\release\ldo.obj
h:\undetected_bruhh\bruhh-bruhhh-master\bruhh-bruhhh-master\bruhh bruhhh\lua53\lua53\vs2013\lua53\lua53\release\ldebug.obj
h:\undetected_bruhh\bruhh-bruhhh-master\bruhh-bruhhh-master\bruhh bruhhh\lua53\lua53\vs2013\lua53\lua53\release\ldblib.obj
h:\undetected_bruhh\bruhh-bruhhh-master\bruhh-bruhhh-master\bruhh bruhhh\lua53\lua53\vs2013\lua53\lua53\release\lctype.obj
h:\undetected_bruhh\bruhh-bruhhh-master\bruhh-bruhhh-master\bruhh bruhhh\lua53\lua53\vs2013\lua53\lua53\release\lcorolib.obj
h:\undetected_bruhh\bruhh-bruhhh-master\bruhh-bruhhh-master\bruhh bruhhh\lua53\lua53\vs2013\lua53\lua53\release\lcode.obj
h:\undetected_bruhh\bruhh-bruhhh-master\bruhh-bruhhh-master\bruhh bruhhh\lua53\lua53\vs2013\lua53\lua53\release\lbitlib.obj
h:\undetected_bruhh\bruhh-bruhhh-master\bruhh-bruhhh-master\bruhh bruhhh\lua53\lua53\vs2013\lua53\lua53\release\lbaselib.obj
h:\undetected_bruhh\bruhh-bruhhh-master\bruhh-bruhhh-master\bruhh bruhhh\lua53\lua53\vs2013\lua53\lua53\release\lauxlib.obj
h:\undetected_bruhh\bruhh-bruhhh-master\bruhh-bruhhh-master\bruhh bruhhh\lua53\lua53\vs2013\lua53\lua53\release\lapi.obj
h:\undetected_bruhh\bruhh-bruhhh-master\bruhh-bruhhh-master\bruhh bruhhh\lua53\lua53\vs2013\lua53\lua53\release\wmain.obj
h:\undetected_bruhh\bruhh-bruhhh-master\bruhh-bruhhh-master\bruhh bruhhh\lua53\lua53\vs2013\lua53\lua53\release\lzio.obj
h:\undetected_bruhh\bruhh-bruhhh-master\bruhh-bruhhh-master\bruhh bruhhh\lua53\lua53\vs2013\lua53\lua53\release\lvm.obj
h:\undetected_bruhh\bruhh-bruhhh-master\bruhh-bruhhh-master\bruhh bruhhh\lua53\lua53\vs2013\lua53\lua53\release\lutf8lib.obj
h:\undetected_bruhh\bruhh-bruhhh-master\bruhh-bruhhh-master\bruhh bruhhh\lua53\lua53\vs2013\lua53\lua53\release\lundump.obj
h:\undetected_bruhh\bruhh-bruhhh-master\bruhh-bruhhh-master\bruhh bruhhh\lua53\lua53\vs2013\lua53\lua53\release\lua_user.obj
h:\undetected_bruhh\bruhh-bruhhh-master\bruhh-bruhhh-master\bruhh bruhhh\lua53\lua53\vs2013\lua53\lua53\release\luac.obj
h:\undetected_bruhh\bruhh-bruhhh-master\bruhh-bruhhh-master\bruhh bruhhh\lua53\lua53\vs2013\lua53\lua53\release\ltm.obj
h:\undetected_bruhh\bruhh-bruhhh-master\bruhh-bruhhh-master\bruhh bruhhh\lua53\lua53\vs2013\lua53\lua53\release\ltablib.obj
h:\undetected_bruhh\bruhh-bruhhh-master\bruhh-bruhhh-master\bruhh bruhhh\lua53\lua53\vs2013\lua53\lua53\release\ltable.obj
h:\undetected_bruhh\bruhh-bruhhh-master\bruhh-bruhhh-master\bruhh bruhhh\lua53\lua53\vs2013\lua53\lua53\release\lstrlib.obj
h:\undetected_bruhh\bruhh-bruhhh-master\bruhh-bruhhh-master\bruhh bruhhh\lua53\lua53\vs2013\lua53\lua53\release\lstring.obj
h:\undetected_bruhh\bruhh-bruhhh-master\bruhh-bruhhh-master\bruhh bruhhh\lua53\lua53\vs2013\lua53\lua53\release\lstate.obj
h:\undetected_bruhh\bruhh-bruhhh-master\bruhh-bruhhh-master\bruhh bruhhh\lua53\lua53\vs2013\lua53\lua53\release\lparser.obj
h:\undetected_bruhh\bruhh-bruhhh-master\bruhh-bruhhh-master\bruhh bruhhh\lua53\lua53\vs2013\lua53\lua53\release\loslib.obj
h:\undetected_bruhh\bruhh-bruhhh-master\bruhh-bruhhh-master\bruhh bruhhh\lua53\lua53\vs2013\lua53\lua53\release\lopcodes.obj
h:\undetected_bruhh\bruhh-bruhhh-master\bruhh-bruhhh-master\bruhh bruhhh\bin\lua53-32.dll
h:\undetected_bruhh\bruhh-bruhhh-master\bruhh-bruhhh-master\bruhh bruhhh\bin\lua53-32.pdb
h:\undetected_bruhh\bruhh-bruhhh-master\bruhh-bruhhh-master\bruhh bruhhh\bin\lua53-32.lib
h:\undetected_bruhh\bruhh-bruhhh-master\bruhh-bruhhh-master\bruhh bruhhh\bin\lua53-32.exp
h:\undetected_bruhh\bruhh-bruhhh-master\bruhh-bruhhh-master\bruhh bruhhh\bin\lua53-32.ipdb
h:\undetected_bruhh\bruhh-bruhhh-master\bruhh-bruhhh-master\bruhh bruhhh\bin\lua53-32.iobj
h:\undetected_bruhh\bruhh-bruhhh-master\bruhh-bruhhh-master\bruhh bruhhh\lua53\lua53\vs2013\lua53\lua53\..\..\..\..\..\bin\lua53-32.dll
h:\undetected_bruhh\bruhh-bruhhh-master\bruhh-bruhhh-master\bruhh bruhhh\lua53\lua53\vs2013\lua53\lua53\release\lua53.tlog\cl.command.1.tlog
h:\undetected_bruhh\bruhh-bruhhh-master\bruhh-bruhhh-master\bruhh bruhhh\lua53\lua53\vs2013\lua53\lua53\release\lua53.tlog\cl.read.1.tlog
h:\undetected_bruhh\bruhh-bruhhh-master\bruhh-bruhhh-master\bruhh bruhhh\lua53\lua53\vs2013\lua53\lua53\release\lua53.tlog\cl.write.1.tlog
h:\undetected_bruhh\bruhh-bruhhh-master\bruhh-bruhhh-master\bruhh bruhhh\lua53\lua53\vs2013\lua53\lua53\release\lua53.tlog\link.command.1.tlog
h:\undetected_bruhh\bruhh-bruhhh-master\bruhh-bruhhh-master\bruhh bruhhh\lua53\lua53\vs2013\lua53\lua53\release\lua53.tlog\link.read.1.tlog
h:\undetected_bruhh\bruhh-bruhhh-master\bruhh-bruhhh-master\bruhh bruhhh\lua53\lua53\vs2013\lua53\lua53\release\lua53.tlog\link.write.1.tlog
h:\undetected_bruhh\bruhh-bruhhh-master\bruhh-bruhhh-master\bruhh bruhhh\lua53\lua53\vs2013\lua53\lua53\release\lua53.tlog\lua53.write.1u.tlog
